       :-) GROMACS - gmx mdrun, 2021-dev-UNCHECKED (double precision) (-:

                            GROMACS is written by:
     Emile Apol      Rossen Apostolov      Paul Bauer     Herman J.C. Berendsen
    Par Bjelkmar      Christian Blau   Viacheslav Bolnykh     Kevin Boyd    
 Aldert van Buuren   Rudi van Drunen     Anton Feenstra       Alan Gray     
  Gerrit Groenhof     Anca Hamuraru    Vincent Hindriksen  M. Eric Irrgang  
  Aleksei Iupinov   Christoph Junghans     Joe Jordan     Dimitrios Karkoulis
    Peter Kasson        Jiri Kraus      Carsten Kutzner      Per Larsson    
  Justin A. Lemkul    Viveca Lindahl    Magnus Lundborg     Erik Marklund   
    Pascal Merz     Pieter Meulenhoff    Teemu Murtola       Szilard Pall   
    Sander Pronk      Roland Schulz      Michael Shirts    Alexey Shvetsov  
   Alfons Sijbers     Peter Tieleman      Jon Vincent      Teemu Virolainen 
 Christian Wennberg    Maarten Wolf      Artem Zhmurov   
                           and the project leaders:
        Mark Abraham, Berk Hess, Erik Lindahl, and David van der Spoel

Copyright (c) 1991-2000, University of Groningen, The Netherlands.
Copyright (c) 2001-2019, The GROMACS development team at
Uppsala University, Stockholm University and
the Royal Institute of Technology, Sweden.
check out http://www.gromacs.org for more information.

GROMACS is free software; you can redistribute it and/or modify it
under the terms of the GNU Lesser General Public License
as published by the Free Software Foundation; either version 2.1
of the License, or (at your option) any later version.

GROMACS:      gmx mdrun, version 2021-dev-UNCHECKED (double precision)
Executable:   /scratch/project_2001312/grm-cp2k/build/bin/gmx
Data prefix:  /scratch/project_2001312/grm-cp2k/gromacs (source tree)
Working dir:  /scratch/vamodi/s65t_h148d-pt/1-step
Process ID:   158437
Command line:
  gmx mdrun -npme 0 -ntomp 1 -s topol

GROMACS version:    2021-dev-UNCHECKED
The source code this program was compiled from has not been verified because the reference checksum was missing during compilation. This means you have an incomplete GROMACS distribution, please make sure to download an intact source distribution and compile that before proceeding.
Computed checksum: NoChecksumFile
Precision:          double
Memory model:       64 bit
MPI library:        MPI
OpenMP support:     enabled (GMX_OPENMP_MAX_THREADS = 64)
GPU support:        disabled
SIMD instructions:  AVX_512
FFT library:        fftw-3.3.8-avx512
RDTSCP usage:       enabled
TNG support:        enabled
Hwloc support:      disabled
Tracing support:    disabled
C compiler:         /appl/spack/install-tree/gcc-4.8.5/gcc-8.3.0-qzmzn5/bin/gcc GNU 8.3.0
C compiler flags:   -mavx512f -mfma -Wall -Wno-unused -Wunused-value -Wunused-parameter -Wextra -Wno-missing-field-initializers -Wno-sign-compare -Wpointer-arith -Wundef -Werror=stringop-truncation -fexcess-precision=fast -funroll-all-loops -Wno-array-bounds -O3 -DNDEBUG
C++ compiler:       /appl/spack/install-tree/gcc-8.3.0/hpcx-mpi-2.4.0-7gyvq3/bin/mpicxx GNU 8.3.0
C++ compiler flags: -mavx512f -mfma -Wall -Wextra -Wno-missing-field-initializers -Wpointer-arith -Wmissing-declarations -Wundef -Wstringop-truncation -fexcess-precision=fast -funroll-all-loops -Wno-array-bounds -fopenmp -O3 -DNDEBUG


Running on 1 node with total 40 cores, 40 logical cores
Hardware detected on host r07c01.bullx (the node of MPI rank 0):
  CPU info:
    Vendor: Intel
    Brand:  Intel(R) Xeon(R) Gold 6230 CPU @ 2.10GHz
    Family: 6   Model: 85   Stepping: 7
    Features: aes apic avx avx2 avx512f avx512cd avx512bw avx512vl clfsh cmov cx8 cx16 f16c fma hle htt intel lahf mmx msr nonstop_tsc pcid pclmuldq pdcm pdpe1gb popcnt pse rdrnd rdtscp rtm sse2 sse3 sse4.1 sse4.2 ssse3 tdt x2apic
    Number of AVX-512 FMA units: 2
  Hardware topology: Basic
    Sockets, cores, and logical processors:
      Socket  0: [   0] [   1] [   2] [   3] [   4] [   5] [   6] [   7] [   8] [   9] [  10] [  11] [  12] [  13] [  14] [  15] [  16] [  17] [  18] [  19]
      Socket  1: [  20] [  21] [  22] [  23] [  24] [  25] [  26] [  27] [  28] [  29] [  30] [  31] [  32] [  33] [  34] [  35] [  36] [  37] [  38] [  39]


++++ PLEASE READ AND CITE THE FOLLOWING REFERENCE ++++
M. J. Abraham, T. Murtola, R. Schulz, S. Páll, J. C. Smith, B. Hess, E.
Lindahl
GROMACS: High performance molecular simulations through multi-level
parallelism from laptops to supercomputers
SoftwareX 1 (2015) pp. 19-25
-------- -------- --- Thank You --- -------- --------


++++ PLEASE READ AND CITE THE FOLLOWING REFERENCE ++++
S. Páll, M. J. Abraham, C. Kutzner, B. Hess, E. Lindahl
Tackling Exascale Software Challenges in Molecular Dynamics Simulations with
GROMACS
In S. Markidis & E. Laure (Eds.), Solving Software Challenges for Exascale 8759 (2015) pp. 3-27
-------- -------- --- Thank You --- -------- --------


++++ PLEASE READ AND CITE THE FOLLOWING REFERENCE ++++
S. Pronk, S. Páll, R. Schulz, P. Larsson, P. Bjelkmar, R. Apostolov, M. R.
Shirts, J. C. Smith, P. M. Kasson, D. van der Spoel, B. Hess, and E. Lindahl
GROMACS 4.5: a high-throughput and highly parallel open source molecular
simulation toolkit
Bioinformatics 29 (2013) pp. 845-54
-------- -------- --- Thank You --- -------- --------


++++ PLEASE READ AND CITE THE FOLLOWING REFERENCE ++++
B. Hess and C. Kutzner and D. van der Spoel and E. Lindahl
GROMACS 4: Algorithms for highly efficient, load-balanced, and scalable
molecular simulation
J. Chem. Theory Comput. 4 (2008) pp. 435-447
-------- -------- --- Thank You --- -------- --------


++++ PLEASE READ AND CITE THE FOLLOWING REFERENCE ++++
D. van der Spoel, E. Lindahl, B. Hess, G. Groenhof, A. E. Mark and H. J. C.
Berendsen
GROMACS: Fast, Flexible and Free
J. Comp. Chem. 26 (2005) pp. 1701-1719
-------- -------- --- Thank You --- -------- --------


++++ PLEASE READ AND CITE THE FOLLOWING REFERENCE ++++
E. Lindahl and B. Hess and D. van der Spoel
GROMACS 3.0: A package for molecular simulation and trajectory analysis
J. Mol. Mod. 7 (2001) pp. 306-317
-------- -------- --- Thank You --- -------- --------


++++ PLEASE READ AND CITE THE FOLLOWING REFERENCE ++++
H. J. C. Berendsen, D. van der Spoel and R. van Drunen
GROMACS: A message-passing parallel molecular dynamics implementation
Comp. Phys. Comm. 91 (1995) pp. 43-56
-------- -------- --- Thank You --- -------- --------

Multiple energy groups is not implemented for GPUs, falling back to the CPU. For better performance, run on the GPU without energy groups and then do gmx mdrun -rerun option on the trajectory with an energy group .tpr file.
Input Parameters:
   integrator                     = md
   tinit                          = 0
   dt                             = 0.0005
   nsteps                         = 1
   init-step                      = 0
   simulation-part                = 1
   comm-mode                      = Linear
   nstcomm                        = 1
   bd-fric                        = 0
   ld-seed                        = 1993
   emtol                          = 100
   emstep                         = 0.01
   niter                          = 20
   fcstep                         = 0
   nstcgsteep                     = 1000
   nbfgscorr                      = 10
   rtpi                           = 0.05
   nstxout                        = 1
   nstvout                        = 1
   nstfout                        = 1
   nstlog                         = 1
   nstcalcenergy                  = 1
   nstenergy                      = 1
   nstxout-compressed             = 1000
   compressed-x-precision         = 1000
   cutoff-scheme                  = Verlet
   nstlist                        = 1
   pbc                            = xyz
   periodic-molecules             = false
   verlet-buffer-tolerance        = 0.005
   rlist                          = 1.8
   coulombtype                    = PME
   coulomb-modifier               = Potential-shift
   rcoulomb-switch                = 1.5
   rcoulomb                       = 1.8
   epsilon-r                      = 1
   epsilon-rf                     = inf
   vdw-type                       = PME
   vdw-modifier                   = Potential-shift
   rvdw-switch                    = 1.5
   rvdw                           = 1.8
   DispCorr                       = No
   table-extension                = 1
   fourierspacing                 = 0.12
   fourier-nx                     = 72
   fourier-ny                     = 72
   fourier-nz                     = 72
   pme-order                      = 4
   ewald-rtol                     = 1e-05
   ewald-rtol-lj                  = 0.001
   lj-pme-comb-rule               = Geometric
   ewald-geometry                 = 0
   epsilon-surface                = 0
   tcoupl                         = V-rescale
   nsttcouple                     = 1
   nh-chain-length                = 0
   print-nose-hoover-chain-variables = false
   pcoupl                         = Parrinello-Rahman
   pcoupltype                     = Isotropic
   nstpcouple                     = 1
   tau-p                          = 2
   compressibility (3x3):
      compressibility[    0]={ 4.50000e-05,  0.00000e+00,  0.00000e+00}
      compressibility[    1]={ 0.00000e+00,  4.50000e-05,  0.00000e+00}
      compressibility[    2]={ 0.00000e+00,  0.00000e+00,  4.50000e-05}
   ref-p (3x3):
      ref-p[    0]={ 1.00000e+00,  0.00000e+00,  0.00000e+00}
      ref-p[    1]={ 0.00000e+00,  1.00000e+00,  0.00000e+00}
      ref-p[    2]={ 0.00000e+00,  0.00000e+00,  1.00000e+00}
   refcoord-scaling               = No
   posres-com (3):
      posres-com[0]= 0.00000e+00
      posres-com[1]= 0.00000e+00
      posres-com[2]= 0.00000e+00
   posres-comB (3):
      posres-comB[0]= 0.00000e+00
      posres-comB[1]= 0.00000e+00
      posres-comB[2]= 0.00000e+00
   QMMM                           = false
qm-opts:
   ngQM                           = 0
   constraint-algorithm           = Lincs
   continuation                   = false
   Shake-SOR                      = false
   shake-tol                      = 0.0001
   lincs-order                    = 6
   lincs-iter                     = 4
   lincs-warnangle                = 30
   nwall                          = 0
   wall-type                      = 9-3
   wall-r-linpot                  = -1
   wall-atomtype[0]               = -1
   wall-atomtype[1]               = -1
   wall-density[0]                = 0
   wall-density[1]                = 0
   wall-ewald-zfac                = 3
   pull                           = false
   awh                            = false
   rotation                       = false
   interactiveMD                  = false
   disre                          = No
   disre-weighting                = Conservative
   disre-mixed                    = false
   dr-fc                          = 1000
   dr-tau                         = 0
   nstdisreout                    = 100
   orire-fc                       = 0
   orire-tau                      = 0
   nstorireout                    = 100
   free-energy                    = no
   cos-acceleration               = 0
   deform (3x3):
      deform[    0]={ 0.00000e+00,  0.00000e+00,  0.00000e+00}
      deform[    1]={ 0.00000e+00,  0.00000e+00,  0.00000e+00}
      deform[    2]={ 0.00000e+00,  0.00000e+00,  0.00000e+00}
   simulated-tempering            = false
   swapcoords                     = no
   userint1                       = 0
   userint2                       = 0
   userint3                       = 0
   userint4                       = 0
   userreal1                      = 0
   userreal2                      = 0
   userreal3                      = 0
   userreal4                      = 0
   applied-forces:
     electric-field:
       x:
         E0                       = 0
         omega                    = 0
         t0                       = 0
         sigma                    = 0
       y:
         E0                       = 0
         omega                    = 0
         t0                       = 0
         sigma                    = 0
       z:
         E0                       = 0
         omega                    = 0
         t0                       = 0
         sigma                    = 0
     density-guided-simulation:
       active                     = false
       group                      = protein
       similarity-measure         = inner-product
       atom-spreading-weight      = unity
       force-constant             = 1e+09
       gaussian-transform-spreading-width = 0.2
       gaussian-transform-spreading-range-in-multiples-of-width = 4
       reference-density-filename = reference.mrc
       nst                        = 1
       normalize-densities        = true
       adaptive-force-scaling     = false
       adaptive-force-scaling-time-constant = 4
     qmmm:
       active                     = true
       qmgroup                    = QMatoms1
       qmmethod                   = PBE
       qmcharge                   = -1
       qmmultiplicity             = 1
grpopts:
   nrdf:       97527
   ref-t:         300
   tau-t:         0.1
annealing:          No
annealing-npoints:           0
   acc:	           0           0           0
   nfreeze:           N           N           N
   energygrp-flags[  0]: 0 0
   energygrp-flags[  1]: 0 0


Initializing Domain Decomposition on 40 ranks
Dynamic load balancing: auto
Using update groups, nr 18074, average size 2.6 atoms, max. radius 0.078 nm
Minimum cell size due to atom displacement: 0.005 nm
Initial maximum distances in bonded interactions:
    two-body bonded interactions: 0.426 nm, LJ-14, atoms 2382 2390
  multi-body bonded interactions: 0.426 nm, Ryckaert-Bell., atoms 2382 2390
Minimum cell size due to bonded interactions: 0.468 nm
Scaling the initial minimum size with 1/0.8 (option -dds) = 1.25
Using 0 separate PME ranks
Optimizing the DD grid for 40 cells with a minimum initial size of 0.585 nm
The maximum allowed number of cells is: X 13 Y 13 Z 13
Domain decomposition grid 8 x 5 x 1, separate PME ranks 0
PME domain decomposition: 8 x 5 x 1
Domain decomposition rank 0, coordinates 0 0 0

The initial number of communication pulses is: X 3 Y 2
The initial domain decomposition cell size is: X 0.98 nm Y 1.56 nm

The maximum allowed distance for atom groups involved in interactions is:
                 non-bonded interactions           1.956 nm
(the following are initial values, they could change due to box deformation)
            two-body bonded interactions  (-rdd)   1.956 nm
          multi-body bonded interactions  (-rdd)   0.976 nm

When dynamic load balancing gets turned on, these settings will change to:
The maximum number of communication pulses is: X 3 Y 3
The minimum size for domain decomposition cells is 0.722 nm
The requested allowed shrink of DD cells (option -dds) is: 0.80
The allowed shrink of domain decomposition cells is: X 0.74 Y 0.46
The maximum allowed distance for atom groups involved in interactions is:
                 non-bonded interactions           1.956 nm
            two-body bonded interactions  (-rdd)   1.956 nm
          multi-body bonded interactions  (-rdd)   0.722 nm

Using 40 MPI processes

Non-default thread affinity set, disabling internal thread affinity

Using 1 OpenMP thread per MPI process

System total charge: 1.023
Will do PME sum in reciprocal space for LJ dispersion interactions.

++++ PLEASE READ AND CITE THE FOLLOWING REFERENCE ++++
U. Essmann, L. Perera, M. L. Berkowitz, T. Darden, H. Lee and L. G. Pedersen 
A smooth particle mesh Ewald method
J. Chem. Phys. 103 (1995) pp. 8577-8592
-------- -------- --- Thank You --- -------- --------

Using a Gaussian width (1/beta) of 0.537161 nm for LJ Ewald
Will do PME sum in reciprocal space for electrostatic interactions.

++++ PLEASE READ AND CITE THE FOLLOWING REFERENCE ++++
U. Essmann, L. Perera, M. L. Berkowitz, T. Darden, H. Lee and L. G. Pedersen 
A smooth particle mesh Ewald method
J. Chem. Phys. 103 (1995) pp. 8577-8592
-------- -------- --- Thank You --- -------- --------

Using a Gaussian width (1/beta) of 0.576293 nm for Ewald
Potential shift: LJ r^-12: -8.644e-04 r^-6: -2.940e-05, Ewald -5.556e-06
Initialized non-bonded Ewald tables, spacing: 1.25e-03 size: 2238

Using shifted Lennard-Jones, switch between 1.5 and 1.8 nm
Generated table with 5600 data points for 1-4 COUL.
Tabscale = 2000 points/nm
Generated table with 5600 data points for 1-4 LJ6.
Tabscale = 2000 points/nm
Generated table with 5600 data points for 1-4 LJ12.
Tabscale = 2000 points/nm


Using SIMD 4x8 nonbonded short-range kernels

Using a 4x8 pair-list setup:
  updated every 1 steps, buffer 0.000 nm, rlist 1.800 nm
At tolerance 0.005 kJ/mol/ps per atom, equivalent classical 1x1 list would be:
  updated every 1 steps, buffer 0.000 nm, rlist 1.800 nm
Removing pbc first time

++++ PLEASE READ AND CITE THE FOLLOWING REFERENCE ++++
S. Miyamoto and P. A. Kollman
SETTLE: An Analytical Version of the SHAKE and RATTLE Algorithms for Rigid
Water Models
J. Comp. Chem. 13 (1992) pp. 952-962
-------- -------- --- Thank You --- -------- --------


Linking all bonded interactions to atoms


Intra-simulation communication will occur every 1 steps.

++++ PLEASE READ AND CITE THE FOLLOWING REFERENCE ++++
G. Bussi, D. Donadio and M. Parrinello
Canonical sampling through velocity rescaling
J. Chem. Phys. 126 (2007) pp. 014101
-------- -------- --- Thank You --- -------- --------

There are: 46946 Atoms
Atom distribution over 40 domains: av 1173 stddev 50 min 1121 max 1263

Constraining the starting coordinates (step 0)

Constraining the coordinates at t0-dt (step 0)
Center of mass motion removal mode is Linear
We have the following groups for center of mass motion removal:
  0:  rest
RMS relative constraint deviation after constraining: 0.00e+00
Initial temperature: 9.48174e-24 K

Started mdrun on rank 0 Wed Jun 24 19:40:50 2020

           Step           Time
              0        0.00000

   Energies (kJ/mol)
           Bond  Connect Bonds          Angle    Proper Dih. Ryckaert-Bell.
    9.90933e+01    0.00000e+00    7.44081e+03    4.08925e+02    9.48997e+03
          LJ-14     Coulomb-14        LJ (SR)   Coulomb (SR)   Coul. recip.
    3.82036e+03    4.62784e+04    8.64639e+04   -7.67576e+05    8.37508e+02
      LJ recip.      Potential    Kinetic En.   Total Energy  Conserved En.
   -8.97189e+03   -1.03912e+06    1.49815e+02   -1.03897e+06   -1.03955e+06
    Temperature Pressure (bar)
    3.69509e-01   -4.02748e+02


DD  step 0 load imb.: force 23.6%
           Step           Time
              1        0.00050

Writing checkpoint, step 1 at Wed Jun 24 19:43:36 2020


   Energies (kJ/mol)
           Bond  Connect Bonds          Angle    Proper Dih. Ryckaert-Bell.
    9.06978e+01    0.00000e+00    7.31317e+03    4.06173e+02    9.48274e+03
          LJ-14     Coulomb-14        LJ (SR)   Coulomb (SR)   Coul. recip.
    3.81542e+03    4.62791e+04    8.64278e+04   -7.67854e+05    8.34486e+02
      LJ recip.      Potential    Kinetic En.   Total Energy  Conserved En.
   -8.97189e+03   -1.03959e+06    1.12182e+03   -1.03847e+06   -1.03965e+06
    Temperature Pressure (bar)
    2.76691e+00   -5.83602e+02


	<======  ###############  ==>
	<====  A V E R A G E S  ====>
	<==  ###############  ======>

	Statistics over 2 steps using 2 frames

   Energies (kJ/mol)
           Bond  Connect Bonds          Angle    Proper Dih. Ryckaert-Bell.
    9.48955e+01    0.00000e+00    7.37699e+03    4.07549e+02    9.48635e+03
          LJ-14     Coulomb-14        LJ (SR)   Coulomb (SR)   Coul. recip.
    3.81789e+03    4.62787e+04    8.64459e+04   -7.67715e+05    8.35997e+02
      LJ recip.      Potential    Kinetic En.   Total Energy  Conserved En.
   -8.97189e+03   -1.03936e+06    6.35818e+02   -1.03872e+06   -1.03960e+06
    Temperature Pressure (bar)
    1.56821e+00   -4.93175e+02

          Box-X          Box-Y          Box-Z
    7.80679e+00    7.80679e+00    7.80679e+00

   Total Virial (kJ/mol)
    5.75990e+03    1.50412e+03    1.39268e+03
    1.50412e+03    9.15153e+03   -1.05718e+03
    1.39268e+03   -1.05718e+03    6.92072e+03

   Pressure (bar)
   -3.87358e+02   -1.04952e+02   -9.71975e+01
   -1.04952e+02   -6.23925e+02    7.38596e+01
   -9.71975e+01    7.38596e+01   -4.68242e+02

  Epot (kJ/mol)        Coul-SR          LJ-SR        Coul-14          LJ-14   
  QMatoms1-QMatoms1    0.00000e+00    1.74020e+00    0.00000e+00    0.00000e+00
  QMatoms1-rest    0.00000e+00   -1.13552e+02    0.00000e+00    1.82640e+01
      rest-rest   -7.67715e+05    8.65577e+04    4.62787e+04    3.79962e+03


	M E G A - F L O P S   A C C O U N T I N G

 NB=Group-cutoff nonbonded kernels    NxN=N-by-N cluster Verlet kernels
 RF=Reaction-Field  VdW=Van der Waals  QSTab=quadratic-spline table
 W3=SPC/TIP3p  W4=TIP4p (single or pairs)
 V&F=Potential and force  V=Potential only  F=Force only

 Computing:                               M-Number         M-Flops  % Flops
-----------------------------------------------------------------------------
 Pair Search distance check              98.659772         887.938     3.9
 NxN Ewald Elec. + LJ [V&F]             102.287024       14320.183    62.4
 NxN LJ [V&F]                             0.004960           0.377     0.0
 NxN Ewald Elec. [V&F]                   85.038736        7143.254    31.1
 1,4 nonbonded interactions               0.018782           1.690     0.0
 Calc Weights                             0.281676          10.140     0.0
 Spread Q Bspline                        12.018176          24.036     0.1
 Gather F Bspline                        12.018176          72.109     0.3
 3D-FFT                                  55.269888         442.159     1.9
 Solve PME                                0.103680           6.636     0.0
 Reset In Box                             0.093892           0.282     0.0
 CG-CoM                                   0.140838           0.423     0.0
 Bonds                                    0.007188           0.424     0.0
 Angles                                   0.012992           2.183     0.0
 Propers                                  0.001452           0.333     0.0
 RB-Dihedrals                             0.014896           3.679     0.0
 Virial                                   0.097492           1.755     0.0
 Stop-CM                                  0.140838           1.408     0.0
 Calc-Ekin                                0.140838           3.803     0.0
 Constraint-V                             0.129924           1.039     0.0
 Constraint-Vir                           0.086616           2.079     0.0
 Settle                                   0.057744          18.651     0.1
-----------------------------------------------------------------------------
 Total                                                   22944.581   100.0
-----------------------------------------------------------------------------


    D O M A I N   D E C O M P O S I T I O N   S T A T I S T I C S

 av. #atoms communicated per step for force:  2 x 232217.7


Dynamic load balancing report:
 DLB was off during the run due to low measured imbalance.
 Average load imbalance: 23.6%.
 The balanceable part of the MD step is 0%, load imbalance is computed from this.
 Part of the total run time spent waiting due to load imbalance: 0.0%.


     R E A L   C Y C L E   A N D   T I M E   A C C O U N T I N G

On 40 MPI ranks

 Computing:          Num   Num      Call    Wall time         Giga-Cycles
                     Ranks Threads  Count      (s)         total sum    %
-----------------------------------------------------------------------------
 Domain decomp.        40    1          2       0.011          0.930   0.0
 DD comm. load         40    1          1       0.000          0.002   0.0
 Neighbor search       40    1          2       0.013          1.082   0.0
 Force                 40    1          2       0.028          2.330   0.0
 Wait + Comm. F        40    1          2       0.001          0.092   0.0
 PME mesh              40    1          2       0.016          1.338   0.0
 NB X/F buffer ops.    40    1          2       0.000          0.005   0.0
 Write traj.           40    1          2       0.016          1.312   0.0
 Update                40    1          2       0.000          0.007   0.0
 Constraints           40    1          4       0.000          0.010   0.0
 Comm. energies        40    1          2       0.480         40.340   0.3
 Rest                                         166.035      13946.570  99.7
-----------------------------------------------------------------------------
 Total                                        166.600      13994.018 100.0
-----------------------------------------------------------------------------
 Breakdown of PME mesh computation
-----------------------------------------------------------------------------
 PME redist. X/F       40    1          6       0.011          0.911   0.0
 PME spread            40    1          4       0.001          0.077   0.0
 PME gather            40    1          4       0.001          0.046   0.0
 PME 3D-FFT            40    1          8       0.001          0.070   0.0
 PME 3D-FFT Comm.      40    1         16       0.002          0.191   0.0
 PME solve LJ          40    1          2       0.000          0.026   0.0
 PME solve Elec        40    1          2       0.000          0.016   0.0
-----------------------------------------------------------------------------

               Core t (s)   Wall t (s)        (%)
       Time:     6663.873      166.600     3999.9
                 (ns/day)    (hour/ns)
Performance:        0.001    46277.706
Finished mdrun on rank 0 Wed Jun 24 19:43:37 2020

